C:\DEV\GITRMREC\SRC\VC10\DEBUG\GITRMREC.EXE
C:\DEV\GITRMREC\SRC\VC10\DEBUG\GITRMREC.ILK
C:\DEV\GITRMREC\SRC\VC10\DEBUG\GITRMREC.PDB
C:\dev\GitRmRec\src\VC10\GitRmRec\Debug\cl.command.1.tlog
C:\dev\GitRmRec\src\VC10\GitRmRec\Debug\CL.read.1.tlog
C:\dev\GitRmRec\src\VC10\GitRmRec\Debug\CL.write.1.tlog
C:\DEV\GITRMREC\SRC\VC10\GITRMREC\DEBUG\GITRMREC.EXE.EMBED.MANIFEST
C:\DEV\GITRMREC\SRC\VC10\GITRMREC\DEBUG\GITRMREC.EXE.EMBED.MANIFEST.RES
C:\DEV\GITRMREC\SRC\VC10\GITRMREC\DEBUG\GITRMREC.EXE.INTERMEDIATE.MANIFEST
C:\dev\GitRmRec\src\VC10\GitRmRec\Debug\GitRmRec_manifest.rc
C:\dev\GitRmRec\src\VC10\GitRmRec\Debug\link.5180.read.1.tlog
C:\dev\GitRmRec\src\VC10\GitRmRec\Debug\link.5180.write.1.tlog
C:\dev\GitRmRec\src\VC10\GitRmRec\Debug\link.5180-cvtres.read.1.tlog
C:\dev\GitRmRec\src\VC10\GitRmRec\Debug\link.5180-cvtres.write.1.tlog
C:\dev\GitRmRec\src\VC10\GitRmRec\Debug\link.command.1.tlog
C:\dev\GitRmRec\src\VC10\GitRmRec\Debug\link.read.1.tlog
C:\dev\GitRmRec\src\VC10\GitRmRec\Debug\link.write.1.tlog
C:\dev\GitRmRec\src\VC10\GitRmRec\Debug\link-cvtres.read.1.tlog
C:\dev\GitRmRec\src\VC10\GitRmRec\Debug\link-cvtres.write.1.tlog
C:\DEV\GITRMREC\SRC\VC10\GITRMREC\DEBUG\MAIN.OBJ
C:\dev\GitRmRec\src\VC10\GitRmRec\Debug\mt.command.1.tlog
C:\dev\GitRmRec\src\VC10\GitRmRec\Debug\mt.read.1.tlog
C:\dev\GitRmRec\src\VC10\GitRmRec\Debug\mt.write.1.tlog
C:\dev\GitRmRec\src\VC10\GitRmRec\Debug\rc.command.1.tlog
C:\dev\GitRmRec\src\VC10\GitRmRec\Debug\rc.read.1.tlog
C:\dev\GitRmRec\src\VC10\GitRmRec\Debug\rc.write.1.tlog
C:\dev\GitRmRec\src\VC10\GitRmRec\Debug\vc100.idb
C:\DEV\GITRMREC\SRC\VC10\GITRMREC\DEBUG\VC100.PDB
